<?xml version="1.0" encoding="utf-8"?><testsuites name="pytest tests"><testsuite name="pytest" errors="0" failures="0" skipped="0" tests="6" time="0.653" timestamp="2026-07-02T04:55:51.285633+00:00" hostname="agent-env-c1508886-b98e-4b24-a796-0cb359a53530"><testcase classname="backend.tests.test_new_features.TestUpdatesCheck" name="test_updates_check_returns_expected_shape" time="0.106" /><testcase classname="backend.tests.test_new_features.TestAppearanceSettings" name="test_put_and_get_appearance" time="0.137" /><testcase classname="backend.tests.test_new_features.TestAppearanceSettings" name="test_cleanup_appearance" time="0.025" /><testcase classname="backend.tests.test_new_features.TestThemesCRUD" name="test_create_theme_without_name_400" time="0.026" /><testcase classname="backend.tests.test_new_features.TestThemesCRUD" name="test_create_list_delete_theme" time="0.200" /><testcase classname="backend.tests.test_new_features.TestReservationsRegression" name="test_create_reservation" time="0.094" /></testsuite></testsuites>