<?xml version="1.0" encoding="utf-8"?><testsuites name="pytest tests"><testsuite name="pytest" errors="0" failures="0" skipped="0" tests="13" time="9.680" timestamp="2026-04-15T19:33:01.060793+00:00" hostname="agent-env-c1508886-b98e-4b24-a796-0cb359a53530"><testcase classname="backend.tests.test_iteration18.TestXLSXExport" name="test_xlsx_export_returns_200" time="2.694" /><testcase classname="backend.tests.test_iteration18.TestXLSXExport" name="test_xlsx_export_content_type" time="0.697" /><testcase classname="backend.tests.test_iteration18.TestXLSXExport" name="test_xlsx_export_file_size" time="0.305" /><testcase classname="backend.tests.test_iteration18.TestXLSXExport" name="test_xlsx_export_is_valid_xlsx" time="0.293" /><testcase classname="backend.tests.test_iteration18.TestCSVImport" name="test_csv_import_basic" time="0.308" /><testcase classname="backend.tests.test_iteration18.TestCSVImport" name="test_csv_import_response_fields" time="0.301" /><testcase classname="backend.tests.test_iteration18.TestCSVImport" name="test_csv_import_empty_name_skipped" time="0.063" /><testcase classname="backend.tests.test_iteration18.TestCleanupPreview" name="test_cleanup_preview_returns_200" time="1.208" /><testcase classname="backend.tests.test_iteration18.TestCleanupPreview" name="test_cleanup_preview_has_counts" time="1.184" /><testcase classname="backend.tests.test_iteration18.TestCleanupPreview" name="test_cleanup_preview_months_threshold" time="1.182" /><testcase classname="backend.tests.test_iteration18.TestCSVExport" name="test_csv_export" time="0.284" /><testcase classname="backend.tests.test_iteration18.TestCSVExport" name="test_json_export" time="0.343" /><testcase classname="backend.tests.test_iteration18.TestBackupDownload" name="test_backup_download_returns_json" time="0.742" /></testsuite></testsuites>