<?xml version="1.0" encoding="utf-8"?><testsuites name="pytest tests"><testsuite name="pytest" errors="0" failures="0" skipped="0" tests="13" time="6.321" timestamp="2026-04-14T21:53:13.389264+00:00" hostname="agent-env-c1508886-b98e-4b24-a796-0cb359a53530"><testcase classname="backend.tests.test_iteration7.TestExistingEndpoints" name="test_get_reservations" time="0.098" /><testcase classname="backend.tests.test_iteration7.TestExistingEndpoints" name="test_get_calendar" time="0.069" /><testcase classname="backend.tests.test_iteration7.TestExistingEndpoints" name="test_get_socios" time="0.060" /><testcase classname="backend.tests.test_iteration7.TestExistingEndpoints" name="test_get_financials" time="0.075" /><testcase classname="backend.tests.test_iteration7.TestSettings" name="test_get_settings" time="0.055" /><testcase classname="backend.tests.test_iteration7.TestSettings" name="test_put_settings_basic" time="0.062" /><testcase classname="backend.tests.test_iteration7.TestSettings" name="test_put_settings_persists" time="0.139" /><testcase classname="backend.tests.test_iteration7.TestSettings" name="test_settings_api_key_masked" time="0.130" /><testcase classname="backend.tests.test_iteration7.TestDatabaseSettings" name="test_get_db_stats" time="0.066" /><testcase classname="backend.tests.test_iteration7.TestDatabaseSettings" name="test_test_db_connection_valid" time="0.073" /><testcase classname="backend.tests.test_iteration7.TestDatabaseSettings" name="test_test_db_connection_invalid" time="5.207" /><testcase classname="backend.tests.test_iteration7.TestDatabaseSettings" name="test_reset_database" time="0.098" /><testcase classname="backend.tests.test_iteration7.TestReminders" name="test_trigger_reminders_manual" time="0.131" /></testsuite></testsuites>