<?xml version="1.0" encoding="utf-8"?><testsuites name="pytest tests"><testsuite name="pytest" errors="0" failures="0" skipped="0" tests="15" time="12.365" timestamp="2026-04-14T05:24:11.892696+00:00" hostname="agent-env-c1508886-b98e-4b24-a796-0cb359a53530"><testcase classname="backend.tests.test_iteration6.TestFinancials" name="test_financials_has_all_fields" time="1.152" /><testcase classname="backend.tests.test_iteration6.TestFinancials" name="test_financials_values_are_numbers" time="0.693" /><testcase classname="backend.tests.test_iteration6.TestFinancials" name="test_real_income_formula" time="0.733" /><testcase classname="backend.tests.test_iteration6.TestFinancials" name="test_paid_plus_pending_equals_total_partner_cost" time="0.718" /><testcase classname="backend.tests.test_iteration6.TestPaymentStatusToggle" name="test_01_create_socio" time="0.924" /><testcase classname="backend.tests.test_iteration6.TestPaymentStatusToggle" name="test_02_create_reservation" time="0.751" /><testcase classname="backend.tests.test_iteration6.TestPaymentStatusToggle" name="test_03_assign_partner_with_pending_status" time="0.710" /><testcase classname="backend.tests.test_iteration6.TestPaymentStatusToggle" name="test_04_toggle_payment_to_paid" time="0.746" /><testcase classname="backend.tests.test_iteration6.TestPaymentStatusToggle" name="test_05_financials_reflect_paid" time="0.711" /><testcase classname="backend.tests.test_iteration6.TestPaymentStatusToggle" name="test_06_toggle_back_to_pending" time="0.713" /><testcase classname="backend.tests.test_iteration6.TestPaymentStatusToggle" name="test_07_cleanup" time="1.512" /><testcase classname="backend.tests.test_iteration6.TestSocioCRUD" name="test_create_socio" time="0.745" /><testcase classname="backend.tests.test_iteration6.TestSocioCRUD" name="test_update_socio" time="0.759" /><testcase classname="backend.tests.test_iteration6.TestSocioCRUD" name="test_get_socio" time="0.724" /><testcase classname="backend.tests.test_iteration6.TestSocioCRUD" name="test_delete_socio" time="0.691" /></testsuite></testsuites>