<?xml version="1.0" encoding="utf-8"?><testsuites name="pytest tests"><testsuite name="pytest" errors="0" failures="0" skipped="0" tests="7" time="7.397" timestamp="2026-04-15T18:16:07.353002+00:00" hostname="agent-env-c1508886-b98e-4b24-a796-0cb359a53530"><testcase classname="backend.tests.test_backup_features.TestBackupAPIs" name="test_download_full_backup" time="3.082" /><testcase classname="backend.tests.test_backup_features.TestBackupAPIs" name="test_create_server_backup" time="0.776" /><testcase classname="backend.tests.test_backup_features.TestBackupAPIs" name="test_backup_history" time="0.086" /><testcase classname="backend.tests.test_backup_features.TestBackupAPIs" name="test_download_specific_backup" time="0.192" /><testcase classname="backend.tests.test_backup_features.TestBackupAPIs" name="test_restore_backup" time="1.002" /><testcase classname="backend.tests.test_backup_features.TestBackupAPIs" name="test_clear_all_with_auto_backup" time="1.355" /><testcase classname="backend.tests.test_backup_features.TestBackupAPIs" name="test_delete_backup" time="0.833" /></testsuite></testsuites>