<?xml version="1.0" encoding="utf-8"?><testsuites name="pytest tests"><testsuite name="pytest" errors="0" failures="0" skipped="0" tests="9" time="1.962" timestamp="2026-04-21T03:31:13.404616+00:00" hostname="agent-env-c1508886-b98e-4b24-a796-0cb359a53530"><testcase classname="backend.tests.test_backup_restore.TestBackupDownload" name="test_backup_download_returns_200" time="0.782" /><testcase classname="backend.tests.test_backup_restore.TestBackupDownload" name="test_backup_download_is_json" time="0.098" /><testcase classname="backend.tests.test_backup_restore.TestBackupDownload" name="test_backup_contains_reservations" time="0.100" /><testcase classname="backend.tests.test_backup_restore.TestBackupDownload" name="test_backup_contains_socios" time="0.079" /><testcase classname="backend.tests.test_backup_restore.TestBackupDownload" name="test_backup_contains_app_settings" time="0.169" /><testcase classname="backend.tests.test_backup_restore.TestBackupDownload" name="test_backup_collections_are_lists" time="0.128" /><testcase classname="backend.tests.test_backup_restore.TestBackupRestore" name="test_restore_with_valid_json_file" time="0.199" /><testcase classname="backend.tests.test_backup_restore.TestBackupRestore" name="test_restore_response_has_success_true" time="0.171" /><testcase classname="backend.tests.test_backup_restore.TestBackupRestore" name="test_restore_restores_all_3_collections" time="0.171" /></testsuite></testsuites>