<?xml version="1.0" encoding="utf-8"?><testsuites name="pytest tests"><testsuite name="pytest" errors="0" failures="0" skipped="0" tests="11" time="1.593" timestamp="2026-07-02T21:52:58.303272+00:00" hostname="agent-env-c1508886-b98e-4b24-a796-0cb359a53530"><testcase classname="backend.tests.test_security" name="test_01_initial_status" time="0.166" /><testcase classname="backend.tests.test_security" name="test_02_set_password" time="0.153" /><testcase classname="backend.tests.test_security" name="test_03_verify_bad_password" time="0.095" /><testcase classname="backend.tests.test_security" name="test_04_verify_good_password" time="0.091" /><testcase classname="backend.tests.test_security" name="test_05_set_password_without_current_when_exists" time="0.090" /><testcase classname="backend.tests.test_security" name="test_06_toggle_protection" time="0.137" /><testcase classname="backend.tests.test_security" name="test_07_remove_password" time="0.153" /><testcase classname="backend.tests.test_security" name="test_08_settings_endpoint_hides_password_hash" time="0.281" /><testcase classname="backend.tests.test_security" name="test_09_reservations_crud" time="0.103" /><testcase classname="backend.tests.test_security" name="test_10_updates_check" time="0.024" /><testcase classname="backend.tests.test_security" name="test_11_themes_crud" time="0.231" /></testsuite></testsuites>