<?xml version="1.0" encoding="utf-8"?><testsuites name="pytest tests"><testsuite name="pytest" errors="0" failures="0" skipped="0" tests="13" time="13.425" timestamp="2026-04-14T04:59:32.645483+00:00" hostname="agent-env-c1508886-b98e-4b24-a796-0cb359a53530"><testcase classname="backend.tests.test_iteration5.TestSociosCRUD" name="test_create_socio" time="1.132" /><testcase classname="backend.tests.test_iteration5.TestSociosCRUD" name="test_list_socios" time="0.942" /><testcase classname="backend.tests.test_iteration5.TestSociosCRUD" name="test_get_socio" time="0.740" /><testcase classname="backend.tests.test_iteration5.TestSociosCRUD" name="test_update_socio" time="0.717" /><testcase classname="backend.tests.test_iteration5.TestSociosCRUD" name="test_upload_photo" time="1.466" /><testcase classname="backend.tests.test_iteration5.TestSociosCRUD" name="test_delete_socio" time="1.507" /><testcase classname="backend.tests.test_iteration5.TestLocationsAndTeam" name="test_setup_create_reservation_and_socio" time="1.453" /><testcase classname="backend.tests.test_iteration5.TestLocationsAndTeam" name="test_update_locations" time="0.726" /><testcase classname="backend.tests.test_iteration5.TestLocationsAndTeam" name="test_assign_partner_to_reservation" time="0.814" /><testcase classname="backend.tests.test_iteration5.TestLocationsAndTeam" name="test_real_income_calculation" time="0.728" /><testcase classname="backend.tests.test_iteration5.TestLocationsAndTeam" name="test_remove_partner" time="0.782" /><testcase classname="backend.tests.test_iteration5.TestLocationsAndTeam" name="test_financials_endpoint" time="0.816" /><testcase classname="backend.tests.test_iteration5.TestLocationsAndTeam" name="test_cleanup" time="1.465" /></testsuite></testsuites>