<?xml version="1.0" encoding="utf-8"?><testsuites name="pytest tests"><testsuite name="pytest" errors="0" failures="1" skipped="0" tests="10" time="16.496" timestamp="2026-04-15T20:03:31.841945+00:00" hostname="agent-env-c1508886-b98e-4b24-a796-0cb359a53530"><testcase classname="backend.tests.test_iteration19.TestBusinessConfigSettings" name="test_get_settings_returns_200" time="2.472" /><testcase classname="backend.tests.test_iteration19.TestBusinessConfigSettings" name="test_get_settings_has_business_fields" time="0.514"><failure message="AssertionError: Field 'company_name' missing from GET /api/settings response&#10;assert 'company_name' in {}">backend/tests/test_iteration19.py:29: in test_get_settings_has_business_fields
    assert field in data, f"Field '{field}' missing from GET /api/settings response"
E   AssertionError: Field 'company_name' missing from GET /api/settings response
E   assert 'company_name' in {}</failure></testcase><testcase classname="backend.tests.test_iteration19.TestBusinessConfigSettings" name="test_put_settings_business_config" time="0.757" /><testcase classname="backend.tests.test_iteration19.TestBusinessConfigSettings" name="test_put_settings_persists_company_name" time="1.036" /><testcase classname="backend.tests.test_iteration19.TestBusinessConfigSettings" name="test_put_settings_backup_retention" time="4.811" /><testcase classname="backend.tests.test_iteration19.TestBusinessConfigSettings" name="test_put_settings_advance_pct" time="1.069" /><testcase classname="backend.tests.test_iteration19.TestBusinessConfigSettings" name="test_put_settings_business_hours" time="1.015" /><testcase classname="backend.tests.test_iteration19.TestBusinessConfigSettings" name="test_put_settings_timezone" time="2.899" /><testcase classname="backend.tests.test_iteration19.TestBusinessConfigSettings" name="test_put_settings_auto_cleanup_months" time="1.008" /><testcase classname="backend.tests.test_iteration19.TestBusinessConfigSettings" name="test_cleanup_restore_defaults" time="0.826" /></testsuite></testsuites>