<?xml version="1.0" encoding="utf-8"?><testsuites name="pytest tests"><testsuite name="pytest" errors="0" failures="0" skipped="1" tests="39" time="9.346" timestamp="2026-07-03T06:52:42.835990+00:00" hostname="agent-env-9c69370e-4ecc-482a-a3eb-bc9b100f06ba"><testcase classname="tests.test_refactor_regression" name="test_health" time="0.194" /><testcase classname="tests.test_refactor_regression" name="test_reservations_list" time="0.092" /><testcase classname="tests.test_refactor_regression" name="test_reservation_get" time="0.047" /><testcase classname="tests.test_refactor_regression" name="test_reservation_update" time="0.091" /><testcase classname="tests.test_refactor_regression" name="test_stats" time="0.083" /><testcase classname="tests.test_refactor_regression" name="test_financials" time="0.044" /><testcase classname="tests.test_refactor_regression" name="test_calendar" time="0.044" /><testcase classname="tests.test_refactor_regression" name="test_socios_crud" time="0.172" /><testcase classname="tests.test_refactor_regression" name="test_settings_get_masks_secrets" time="0.047" /><testcase classname="tests.test_refactor_regression" name="test_settings_put" time="0.046" /><testcase classname="tests.test_refactor_regression" name="test_settings_database" time="0.042" /><testcase classname="tests.test_refactor_regression" name="test_settings_database_test_invalid" time="5.130" /><testcase classname="tests.test_refactor_regression" name="test_notifications_pending" time="0.044" /><testcase classname="tests.test_refactor_regression" name="test_reminders_send_no_keys" time="0.046" /><testcase classname="tests.test_refactor_regression" name="test_reminders_test_email_no_key" time="0.089" /><testcase classname="tests.test_refactor_regression" name="test_backup_history" time="0.087" /><testcase classname="tests.test_refactor_regression" name="test_backup_download" time="0.047" /><testcase classname="tests.test_refactor_regression" name="test_backup_restore_invalid" time="0.129" /><testcase classname="tests.test_refactor_regression" name="test_data_cleanup_preview" time="0.063" /><testcase classname="tests.test_refactor_regression" name="test_data_clear_all_last" time="0.000"><skipped type="pytest.skip" message="Skipping destructive clear-all to preserve DB state">/app/backend/tests/test_refactor_regression.py:191: Skipping destructive clear-all to preserve DB state</skipped></testcase><testcase classname="tests.test_refactor_regression" name="test_export_csv" time="0.044" /><testcase classname="tests.test_refactor_regression" name="test_export_json" time="0.044" /><testcase classname="tests.test_refactor_regression" name="test_export_xlsx" time="0.252" /><testcase classname="tests.test_refactor_regression" name="test_security_status" time="0.045" /><testcase classname="tests.test_refactor_regression" name="test_security_set_verify_remove" time="0.581" /><testcase classname="tests.test_refactor_regression" name="test_security_advanced_config" time="0.056" /><testcase classname="tests.test_refactor_regression" name="test_security_protection_toggle" time="0.124" /><testcase classname="tests.test_refactor_regression" name="test_themes_list" time="0.127" /><testcase classname="tests.test_refactor_regression" name="test_themes_missing_name" time="0.041" /><testcase classname="tests.test_refactor_regression" name="test_appearance_get_put" time="0.124" /><testcase classname="tests.test_refactor_regression" name="test_ai_context_flow" time="0.264" /><testcase classname="tests.test_refactor_regression" name="test_github_config_get" time="0.044" /><testcase classname="tests.test_refactor_regression" name="test_github_config_invalid_url" time="0.043" /><testcase classname="tests.test_refactor_regression" name="test_updates_history" time="0.042" /><testcase classname="tests.test_refactor_regression" name="test_updates_latest" time="0.042" /><testcase classname="tests.test_refactor_regression" name="test_updates_check" time="0.083" /><testcase classname="tests.test_refactor_regression" name="test_push_vapid" time="0.042" /><testcase classname="tests.test_refactor_regression" name="test_deployment_env_template" time="0.044" /><testcase classname="tests.test_refactor_regression" name="test_deployment_docker_compose" time="0.128" /></testsuite></testsuites>